  ball.cpp
c:\program files (x86)\windows kits\10\include\10.0.17134.0\um\winnt.h(18099): error C2059: 语法错误:“常数”
c:\program files (x86)\windows kits\10\include\10.0.17134.0\um\winnt.h(18099): error C2334: “:”的前面有意外标记；跳过明显的函数体
c:\program files (x86)\windows kits\10\include\10.0.17134.0\um\winnt.h(19423): error C2170: “__fastfail”: 没有声明为函数，不能是内部函数
c:\program files (x86)\windows kits\10\include\10.0.17134.0\um\winnt.h(21325): error C2059: 语法错误:“字符串”
c:\program files (x86)\windows kits\10\include\10.0.17134.0\um\winnt.h(21325): error C2334: “{”的前面有意外标记；跳过明显的函数体
c:\program files (x86)\windows kits\10\include\10.0.17134.0\shared\minwindef.h(186): error C2159: 指定了一个以上的存储类
c:\program files (x86)\windows kits\10\include\10.0.17134.0\shared\minwindef.h(186): error C2371: “UINT_PTR”: 重定义；不同的基类型
  c:\program files (x86)\windows kits\10\include\10.0.17134.0\shared\basetsd.h(135): note: 参见“UINT_PTR”的声明
c:\program files (x86)\windows kits\10\include\10.0.17134.0\shared\minwindef.h(186): error C2146: 语法错误: 缺少“;”(在标识符“WPARAM”的前面)
c:\program files (x86)\windows kits\10\include\10.0.17134.0\shared\minwindef.h(186): error C4430: 缺少类型说明符 - 假定为 int。注意: C++ 不支持默认 int
c:\program files (x86)\windows kits\10\include\10.0.17134.0\um\minwinbase.h(215): error C4430: 缺少类型说明符 - 假定为 int。注意: C++ 不支持默认 int
c:\program files (x86)\windows kits\10\include\10.0.17134.0\um\minwinbase.h(215): error C2146: 语法错误: 缺少“;”(在标识符“CRITICAL_SECTION”的前面)
c:\program files (x86)\windows kits\10\include\10.0.17134.0\um\minwinbase.h(216): error C4430: 缺少类型说明符 - 假定为 int。注意: C++ 不支持默认 int
c:\program files (x86)\windows kits\10\include\10.0.17134.0\um\minwinbase.h(216): error C2146: 语法错误: 缺少“;”(在标识符“PCRITICAL_SECTION”的前面)
c:\program files (x86)\windows kits\10\include\10.0.17134.0\um\minwinbase.h(219): error C4430: 缺少类型说明符 - 假定为 int。注意: C++ 不支持默认 int
c:\program files (x86)\windows kits\10\include\10.0.17134.0\um\minwinbase.h(219): error C2146: 语法错误: 缺少“;”(在标识符“CRITICAL_SECTION_DEBUG”的前面)
c:\program files (x86)\windows kits\10\include\10.0.17134.0\um\minwinbase.h(220): error C4430: 缺少类型说明符 - 假定为 int。注意: C++ 不支持默认 int
c:\program files (x86)\windows kits\10\include\10.0.17134.0\um\minwinbase.h(220): error C2146: 语法错误: 缺少“;”(在标识符“PCRITICAL_SECTION_DEBUG”的前面)
c:\program files (x86)\windows kits\10\include\10.0.17134.0\um\errhandlingapi.h(150): error C2061: 语法错误: 标识符“PVECTORED_EXCEPTION_HANDLER”
c:\program files (x86)\windows kits\10\include\10.0.17134.0\um\errhandlingapi.h(168): error C2061: 语法错误: 标识符“PVECTORED_EXCEPTION_HANDLER”
c:\program files (x86)\windows kits\10\include\10.0.17134.0\um\fibersapi.h(37): error C2065: “PFLS_CALLBACK_FUNCTION”: 未声明的标识符
c:\program files (x86)\windows kits\10\include\10.0.17134.0\um\fibersapi.h(38): error C2146: 语法错误: 缺少“)”(在标识符“lpCallback”的前面)
c:\program files (x86)\windows kits\10\include\10.0.17134.0\um\heapapi.h(152): error C2061: 语法错误: 标识符“HEAP_INFORMATION_CLASS”
c:\program files (x86)\windows kits\10\include\10.0.17134.0\um\heapapi.h(234): error C2061: 语法错误: 标识符“HEAP_INFORMATION_CLASS”
c:\program files (x86)\windows kits\10\include\10.0.17134.0\um\synchapi.h(34): error C4430: 缺少类型说明符 - 假定为 int。注意: C++ 不支持默认 int
c:\program files (x86)\windows kits\10\include\10.0.17134.0\um\synchapi.h(34): error C2146: 语法错误: 缺少“;”(在标识符“SRWLOCK”的前面)
c:\program files (x86)\windows kits\10\include\10.0.17134.0\um\synchapi.h(49): error C2146: 语法错误: 缺少“)”(在标识符“SRWLock”的前面)
c:\program files (x86)\windows kits\10\include\10.0.17134.0\um\synchapi.h(58): error C2146: 语法错误: 缺少“)”(在标识符“SRWLock”的前面)
c:\program files (x86)\windows kits\10\include\10.0.17134.0\um\synchapi.h(67): error C2146: 语法错误: 缺少“)”(在标识符“SRWLock”的前面)
c:\program files (x86)\windows kits\10\include\10.0.17134.0\um\synchapi.h(76): error C2146: 语法错误: 缺少“)”(在标识符“SRWLock”的前面)
c:\program files (x86)\windows kits\10\include\10.0.17134.0\um\synchapi.h(85): error C2146: 语法错误: 缺少“)”(在标识符“SRWLock”的前面)
c:\program files (x86)\windows kits\10\include\10.0.17134.0\um\synchapi.h(94): error C2146: 语法错误: 缺少“)”(在标识符“SRWLock”的前面)
c:\program files (x86)\windows kits\10\include\10.0.17134.0\um\synchapi.h(103): error C2146: 语法错误: 缺少“)”(在标识符“SRWLock”的前面)
c:\program files (x86)\windows kits\10\include\10.0.17134.0\um\synchapi.h(203): error C4430: 缺少类型说明符 - 假定为 int。注意: C++ 不支持默认 int
c:\program files (x86)\windows kits\10\include\10.0.17134.0\um\synchapi.h(203): error C2146: 语法错误: 缺少“;”(在标识符“INIT_ONCE”的前面)
c:\program files (x86)\windows kits\10\include\10.0.17134.0\um\synchapi.h(204): error C4430: 缺少类型说明符 - 假定为 int。注意: C++ 不支持默认 int
c:\program files (x86)\windows kits\10\include\10.0.17134.0\um\synchapi.h(204): error C2146: 语法错误: 缺少“;”(在标识符“PINIT_ONCE”的前面)
c:\program files (x86)\windows kits\10\include\10.0.17134.0\um\synchapi.h(227): error C2146: 语法错误: 缺少“)”(在标识符“InitOnce”的前面)
c:\program files (x86)\windows kits\10\include\10.0.17134.0\um\synchapi.h(239): error C2146: 语法错误: 缺少“)”(在标识符“InitOnce”的前面)
c:\program files (x86)\windows kits\10\include\10.0.17134.0\um\synchapi.h(246): error C2146: 语法错误: 缺少“)”(在标识符“InitOnce”的前面)
c:\program files (x86)\windows kits\10\include\10.0.17134.0\um\synchapi.h(280): error C4430: 缺少类型说明符 - 假定为 int。注意: C++ 不支持默认 int
c:\program files (x86)\windows kits\10\include\10.0.17134.0\um\synchapi.h(280): error C2146: 语法错误: 缺少“;”(在标识符“CONDITION_VARIABLE”的前面)
c:\program files (x86)\windows kits\10\include\10.0.17134.0\um\synchapi.h(301): error C2146: 语法错误: 缺少“)”(在标识符“ConditionVariable”的前面)
c:\program files (x86)\windows kits\10\include\10.0.17134.0\um\synchapi.h(309): error C2146: 语法错误: 缺少“)”(在标识符“ConditionVariable”的前面)
c:\program files (x86)\windows kits\10\include\10.0.17134.0\um\synchapi.h(317): error C2146: 语法错误: 缺少“)”(在标识符“ConditionVariable”的前面)
c:\program files (x86)\windows kits\10\include\10.0.17134.0\um\synchapi.h(324): error C2146: 语法错误: 缺少“)”(在标识符“ConditionVariable”的前面)
c:\program files (x86)\windows kits\10\include\10.0.17134.0\um\synchapi.h(334): error C2146: 语法错误: 缺少“)”(在标识符“ConditionVariable”的前面)
c:\program files (x86)\windows kits\10\include\10.0.17134.0\um\synchapi.h(709): error C4430: 缺少类型说明符 - 假定为 int。注意: C++ 不支持默认 int
c:\program files (x86)\windows kits\10\include\10.0.17134.0\um\synchapi.h(709): error C2146: 语法错误: 缺少“;”(在标识符“SYNCHRONIZATION_BARRIER”的前面)
c:\program files (x86)\windows kits\10\include\10.0.17134.0\um\synchapi.h(710): error C4430: 缺少类型说明符 - 假定为 int。注意: C++ 不支持默认 int
c:\program files (x86)\windows kits\10\include\10.0.17134.0\um\synchapi.h(710): error C2146: 语法错误: 缺少“;”(在标识符“PSYNCHRONIZATION_BARRIER”的前面)
c:\program files (x86)\windows kits\10\include\10.0.17134.0\um\interlockedapi.h(48): error C2065: “PSLIST_HEADER”: 未声明的标识符
c:\program files (x86)\windows kits\10\include\10.0.17134.0\um\interlockedapi.h(49): error C2146: 语法错误: 缺少“)”(在标识符“ListHead”的前面)
c:\program files (x86)\windows kits\10\include\10.0.17134.0\um\interlockedapi.h(54): error C2143: 语法错误: 缺少“;”(在“__stdcall”的前面)
c:\program files (x86)\windows kits\10\include\10.0.17134.0\um\interlockedapi.h(54): error C4430: 缺少类型说明符 - 假定为 int。注意: C++ 不支持默认 int
c:\program files (x86)\windows kits\10\include\10.0.17134.0\um\interlockedapi.h(56): error C2065: “PSLIST_HEADER”: 未声明的标识符
c:\program files (x86)\windows kits\10\include\10.0.17134.0\um\interlockedapi.h(57): error C2146: 语法错误: 缺少“)”(在标识符“ListHead”的前面)
c:\program files (x86)\windows kits\10\include\10.0.17134.0\um\interlockedapi.h(62): error C2143: 语法错误: 缺少“;”(在“__stdcall”的前面)
c:\program files (x86)\windows kits\10\include\10.0.17134.0\um\interlockedapi.h(62): error C4430: 缺少类型说明符 - 假定为 int。注意: C++ 不支持默认 int
c:\program files (x86)\windows kits\10\include\10.0.17134.0\um\interlockedapi.h(64): error C2065: “PSLIST_HEADER”: 未声明的标识符
c:\program files (x86)\windows kits\10\include\10.0.17134.0\um\interlockedapi.h(64): error C2146: 语法错误: 缺少“)”(在标识符“ListHead”的前面)
c:\program files (x86)\windows kits\10\include\10.0.17134.0\um\interlockedapi.h(76): error C2143: 语法错误: 缺少“;”(在“__stdcall”的前面)
c:\program files (x86)\windows kits\10\include\10.0.17134.0\um\interlockedapi.h(76): error C4430: 缺少类型说明符 - 假定为 int。注意: C++ 不支持默认 int
c:\program files (x86)\windows kits\10\include\10.0.17134.0\um\interlockedapi.h(78): error C2065: “PSLIST_HEADER”: 未声明的标识符
c:\program files (x86)\windows kits\10\include\10.0.17134.0\um\interlockedapi.h(78): error C2146: 语法错误: 缺少“)”(在标识符“ListHead”的前面)
c:\program files (x86)\windows kits\10\include\10.0.17134.0\um\interlockedapi.h(91): error C2143: 语法错误: 缺少“;”(在“__stdcall”的前面)
c:\program files (x86)\windows kits\10\include\10.0.17134.0\um\interlockedapi.h(91): error C4430: 缺少类型说明符 - 假定为 int。注意: C++ 不支持默认 int
c:\program files (x86)\windows kits\10\include\10.0.17134.0\um\interlockedapi.h(93): error C2065: “PSLIST_HEADER”: 未声明的标识符
c:\program files (x86)\windows kits\10\include\10.0.17134.0\um\interlockedapi.h(94): error C2146: 语法错误: 缺少“)”(在标识符“ListHead”的前面)
c:\program files (x86)\windows kits\10\include\10.0.17134.0\um\interlockedapi.h(101): error C2065: “PSLIST_HEADER”: 未声明的标识符
c:\program files (x86)\windows kits\10\include\10.0.17134.0\um\interlockedapi.h(102): error C2146: 语法错误: 缺少“)”(在标识符“ListHead”的前面)
c:\program files (x86)\windows kits\10\include\10.0.17134.0\um\processthreadsapi.h(95): error C2065: “PAPCFUNC”: 未声明的标识符
c:\program files (x86)\windows kits\10\include\10.0.17134.0\um\processthreadsapi.h(95): error C2146: 语法错误: 缺少“)”(在标识符“pfnAPC”的前面)
c:\program files (x86)\windows kits\10\include\10.0.17134.0\um\sysinfoapi.h(379): error C2065: “LPOSVERSIONINFOA”: 未声明的标识符
c:\program files (x86)\windows kits\10\include\10.0.17134.0\um\sysinfoapi.h(380): error C2146: 语法错误: 缺少“)”(在标识符“lpVersionInformation”的前面)
c:\program files (x86)\windows kits\10\include\10.0.17134.0\um\sysinfoapi.h(388): error C2065: “LPOSVERSIONINFOW”: 未声明的标识符
c:\program files (x86)\windows kits\10\include\10.0.17134.0\um\sysinfoapi.h(389): error C2146: 语法错误: 缺少“)”(在标识符“lpVersionInformation”的前面)
c:\program files (x86)\windows kits\10\include\10.0.17134.0\um\threadpoollegacyapiset.h(67): error C2061: 语法错误: 标识符“WAITORTIMERCALLBACK”
c:\program files (x86)\windows kits\10\include\10.0.17134.0\um\threadpoolapiset.h(35): error C2065: “PTP_CALLBACK_INSTANCE”: 未声明的标识符
c:\program files (x86)\windows kits\10\include\10.0.17134.0\um\threadpoolapiset.h(35): error C2146: 语法错误: 缺少“)”(在标识符“Instance”的前面)
c:\program files (x86)\windows kits\10\include\10.0.17134.0\um\threadpoolapiset.h(48): error C2143: 语法错误: 缺少“;”(在“__stdcall”的前面)
c:\program files (x86)\windows kits\10\include\10.0.17134.0\um\threadpoolapiset.h(48): error C4430: 缺少类型说明符 - 假定为 int。注意: C++ 不支持默认 int
c:\program files (x86)\windows kits\10\include\10.0.17134.0\um\threadpoolapiset.h(51): error C4430: 缺少类型说明符 - 假定为 int。注意: C++ 不支持默认 int
c:\program files (x86)\windows kits\10\include\10.0.17134.0\um\threadpoolapiset.h(58): error C2146: 语法错误: 缺少“)”(在标识符“ptpp”的前面)
c:\program files (x86)\windows kits\10\include\10.0.17134.0\um\threadpoolapiset.h(67): error C2146: 语法错误: 缺少“)”(在标识符“ptpp”的前面)
c:\program files (x86)\windows kits\10\include\10.0.17134.0\um\threadpoolapiset.h(76): error C2146: 语法错误: 缺少“)”(在标识符“ptpp”的前面)
c:\program files (x86)\windows kits\10\include\10.0.17134.0\um\threadpoolapiset.h(85): error C2146: 语法错误: 缺少“)”(在标识符“ptpp”的前面)
c:\program files (x86)\windows kits\10\include\10.0.17134.0\um\threadpoolapiset.h(95): error C2146: 语法错误: 缺少“)”(在标识符“ptpp”的前面)
c:\program files (x86)\windows kits\10\include\10.0.17134.0\um\threadpoolapiset.h(101): error C2143: 语法错误: 缺少“;”(在“__stdcall”的前面)
c:\program files (x86)\windows kits\10\include\10.0.17134.0\um\threadpoolapiset.h(101): error C4430: 缺少类型说明符 - 假定为 int。注意: C++ 不支持默认 int
c:\program files (x86)\windows kits\10\include\10.0.17134.0\um\threadpoolapiset.h(104): error C4430: 缺少类型说明符 - 假定为 int。注意: C++ 不支持默认 int
c:\program files (x86)\windows kits\10\include\10.0.17134.0\um\threadpoolapiset.h(111): error C2146: 语法错误: 缺少“)”(在标识符“ptpcg”的前面)
c:\program files (x86)\windows kits\10\include\10.0.17134.0\um\threadpoolapiset.h(122): error C2146: 语法错误: 缺少“)”(在标识符“ptpcg”的前面)
c:\program files (x86)\windows kits\10\include\10.0.17134.0\um\threadpoolapiset.h(129): error C2065: “PTP_CALLBACK_INSTANCE”: 未声明的标识符
c:\program files (x86)\windows kits\10\include\10.0.17134.0\um\threadpoolapiset.h(129): error C2146: 语法错误: 缺少“)”(在标识符“pci”的前面)
c:\program files (x86)\windows kits\10\include\10.0.17134.0\um\threadpoolapiset.h(138): error C2065: “PTP_CALLBACK_INSTANCE”: 未声明的标识符
c:\program files (x86)\windows kits\10\include\10.0.17134.0\um\threadpoolapiset.h(138): error C2146: 语法错误: 缺少“)”(在标识符“pci”的前面)
c:\program files (x86)\windows kits\10\include\10.0.17134.0\um\threadpoolapiset.h(148): error C2065: “PTP_CALLBACK_INSTANCE”: 未声明的标识符
c:\program files (x86)\windows kits\10\include\10.0.17134.0\um\threadpoolapiset.h(148): error C2146: 语法错误: 缺少“)”(在标识符“pci”的前面)
c:\program files (x86)\windows kits\10\include\10.0.17134.0\um\threadpoolapiset.h(157): error C2065: “PTP_CALLBACK_INSTANCE”: 未声明的标识符
c:\program files (x86)\windows kits\10\include\10.0.17134.0\um\threadpoolapiset.h(157): error C2146: 语法错误: 缺少“)”(在标识符“pci”的前面)
c:\program files (x86)\windows kits\10\include\10.0.17134.0\um\threadpoolapiset.h(166): error C2065: “PTP_CALLBACK_INSTANCE”: 未声明的标识符
c:\program files (x86)\windows kits\10\include\10.0.17134.0\um\threadpoolapiset.h(166): error C2146: 语法错误: 缺少“)”(在标识符“pci”的前面)
c:\program files (x86)\windows kits\10\include\10.0.17134.0\um\threadpoolapiset.h(175): error C2065: “PTP_CALLBACK_INSTANCE”: 未声明的标识符
c:\program files (x86)\windows kits\10\include\10.0.17134.0\um\threadpoolapiset.h(176): error C2146: 语法错误: 缺少“)”(在标识符“pci”的前面)
c:\program files (x86)\windows kits\10\include\10.0.17134.0\um\threadpoolapiset.h(183): error C2065: “PTP_CALLBACK_INSTANCE”: 未声明的标识符
c:\program files (x86)\windows kits\10\include\10.0.17134.0\um\threadpoolapiset.h(184): error C2146: 语法错误: 缺少“)”(在标识符“pci”的前面)
c:\program files (x86)\windows kits\10\include\10.0.17134.0\um\threadpoolapiset.h(192): error C2065: “PTP_SIMPLE_CALLBACK”: 未声明的标识符
c:\program files (x86)\windows kits\10\include\10.0.17134.0\um\threadpoolapiset.h(192): error C2146: 语法错误: 缺少“)”(在标识符“pfns”的前面)
c:\program files (x86)\windows kits\10\include\10.0.17134.0\um\threadpoolapiset.h(201): error C2143: 语法错误: 缺少“;”(在“__stdcall”的前面)
c:\program files (x86)\windows kits\10\include\10.0.17134.0\um\threadpoolapiset.h(201): error C4430: 缺少类型说明符 - 假定为 int。注意: C++ 不支持默认 int
c:\program files (x86)\windows kits\10\include\10.0.17134.0\um\threadpoolapiset.h(203): error C2065: “PTP_WORK_CALLBACK”: 未声明的标识符
c:\program files (x86)\windows kits\10\include\10.0.17134.0\um\threadpoolapiset.h(203): error C2146: 语法错误: 缺少“)”(在标识符“pfnwk”的前面)
c:\program files (x86)\windows kits\10\include\10.0.17134.0\um\threadpoolapiset.h(214): error C2146: 语法错误: 缺少“)”(在标识符“pwk”的前面)
c:\program files (x86)\windows kits\10\include\10.0.17134.0\um\threadpoolapiset.h(221): error C2146: 语法错误: 缺少“)”(在标识符“pwk”的前面)
c:\program files (x86)\windows kits\10\include\10.0.17134.0\um\threadpoolapiset.h(231): error C2146: 语法错误: 缺少“)”(在标识符“pwk”的前面)
c:\program files (x86)\windows kits\10\include\10.0.17134.0\um\threadpoolapiset.h(237): error C2143: 语法错误: 缺少“;”(在“__stdcall”的前面)
c:\program files (x86)\windows kits\10\include\10.0.17134.0\um\threadpoolapiset.h(237): error C4430: 缺少类型说明符 - 假定为 int。注意: C++ 不支持默认 int
c:\program files (x86)\windows kits\10\include\10.0.17134.0\um\threadpoolapiset.h(239): error C2065: “PTP_TIMER_CALLBACK”: 未声明的标识符
c:\program files (x86)\windows kits\10\include\10.0.17134.0\um\threadpoolapiset.h(239): error C2146: 语法错误: 缺少“)”(在标识符“pfnti”的前面)
c:\program files (x86)\windows kits\10\include\10.0.17134.0\um\threadpoolapiset.h(249): error C2146: 语法错误: 缺少“)”(在标识符“pti”的前面)
c:\program files (x86)\windows kits\10\include\10.0.17134.0\um\threadpoolapiset.h(261): error C2146: 语法错误: 缺少“)”(在标识符“pti”的前面)
c:\program files (x86)\windows kits\10\include\10.0.17134.0\um\threadpoolapiset.h(268): error C2146: 语法错误: 缺少“)”(在标识符“pti”的前面)
c:\program files (x86)\windows kits\10\include\10.0.17134.0\um\threadpoolapiset.h(268): fatal error C1003: 错误计数超过 100；正在停止编译
  balls.cpp
c:\program files (x86)\windows kits\10\include\10.0.17134.0\um\winnt.h(18099): error C2059: 语法错误:“常数”
c:\program files (x86)\windows kits\10\include\10.0.17134.0\um\winnt.h(18099): error C2334: “:”的前面有意外标记；跳过明显的函数体
c:\program files (x86)\windows kits\10\include\10.0.17134.0\um\winnt.h(19423): warning C4162: “__fastfail”: 未找到带 C 链接的函数
c:\program files (x86)\windows kits\10\include\10.0.17134.0\um\winnt.h(21325): error C2059: 语法错误:“字符串”
c:\program files (x86)\windows kits\10\include\10.0.17134.0\um\winnt.h(21325): error C2334: “{”的前面有意外标记；跳过明显的函数体
c:\program files (x86)\windows kits\10\include\10.0.17134.0\shared\minwindef.h(186): error C2159: 指定了一个以上的存储类
c:\program files (x86)\windows kits\10\include\10.0.17134.0\shared\minwindef.h(186): error C2371: “UINT_PTR”: 重定义；不同的基类型
  c:\program files (x86)\windows kits\10\include\10.0.17134.0\shared\basetsd.h(135): note: 参见“UINT_PTR”的声明
c:\program files (x86)\windows kits\10\include\10.0.17134.0\shared\minwindef.h(186): error C2146: 语法错误: 缺少“;”(在标识符“WPARAM”的前面)
c:\program files (x86)\windows kits\10\include\10.0.17134.0\shared\minwindef.h(186): error C4430: 缺少类型说明符 - 假定为 int。注意: C++ 不支持默认 int
c:\program files (x86)\windows kits\10\include\10.0.17134.0\um\minwinbase.h(215): error C4430: 缺少类型说明符 - 假定为 int。注意: C++ 不支持默认 int
c:\program files (x86)\windows kits\10\include\10.0.17134.0\um\minwinbase.h(215): error C2146: 语法错误: 缺少“;”(在标识符“CRITICAL_SECTION”的前面)
c:\program files (x86)\windows kits\10\include\10.0.17134.0\um\minwinbase.h(216): error C4430: 缺少类型说明符 - 假定为 int。注意: C++ 不支持默认 int
c:\program files (x86)\windows kits\10\include\10.0.17134.0\um\minwinbase.h(216): error C2146: 语法错误: 缺少“;”(在标识符“PCRITICAL_SECTION”的前面)
c:\program files (x86)\windows kits\10\include\10.0.17134.0\um\minwinbase.h(219): error C4430: 缺少类型说明符 - 假定为 int。注意: C++ 不支持默认 int
c:\program files (x86)\windows kits\10\include\10.0.17134.0\um\minwinbase.h(219): error C2146: 语法错误: 缺少“;”(在标识符“CRITICAL_SECTION_DEBUG”的前面)
c:\program files (x86)\windows kits\10\include\10.0.17134.0\um\minwinbase.h(220): error C4430: 缺少类型说明符 - 假定为 int。注意: C++ 不支持默认 int
c:\program files (x86)\windows kits\10\include\10.0.17134.0\um\minwinbase.h(220): error C2146: 语法错误: 缺少“;”(在标识符“PCRITICAL_SECTION_DEBUG”的前面)
c:\program files (x86)\windows kits\10\include\10.0.17134.0\um\errhandlingapi.h(150): error C2061: 语法错误: 标识符“PVECTORED_EXCEPTION_HANDLER”
c:\program files (x86)\windows kits\10\include\10.0.17134.0\um\errhandlingapi.h(168): error C2061: 语法错误: 标识符“PVECTORED_EXCEPTION_HANDLER”
c:\program files (x86)\windows kits\10\include\10.0.17134.0\um\fibersapi.h(37): error C2065: “PFLS_CALLBACK_FUNCTION”: 未声明的标识符
c:\program files (x86)\windows kits\10\include\10.0.17134.0\um\fibersapi.h(38): error C2146: 语法错误: 缺少“)”(在标识符“lpCallback”的前面)
c:\program files (x86)\windows kits\10\include\10.0.17134.0\um\heapapi.h(152): error C2061: 语法错误: 标识符“HEAP_INFORMATION_CLASS”
c:\program files (x86)\windows kits\10\include\10.0.17134.0\um\heapapi.h(234): error C2061: 语法错误: 标识符“HEAP_INFORMATION_CLASS”
c:\program files (x86)\windows kits\10\include\10.0.17134.0\um\synchapi.h(34): error C4430: 缺少类型说明符 - 假定为 int。注意: C++ 不支持默认 int
c:\program files (x86)\windows kits\10\include\10.0.17134.0\um\synchapi.h(34): error C2146: 语法错误: 缺少“;”(在标识符“SRWLOCK”的前面)
c:\program files (x86)\windows kits\10\include\10.0.17134.0\um\synchapi.h(49): error C2146: 语法错误: 缺少“)”(在标识符“SRWLock”的前面)
c:\program files (x86)\windows kits\10\include\10.0.17134.0\um\synchapi.h(58): error C2146: 语法错误: 缺少“)”(在标识符“SRWLock”的前面)
c:\program files (x86)\windows kits\10\include\10.0.17134.0\um\synchapi.h(67): error C2146: 语法错误: 缺少“)”(在标识符“SRWLock”的前面)
c:\program files (x86)\windows kits\10\include\10.0.17134.0\um\synchapi.h(76): error C2146: 语法错误: 缺少“)”(在标识符“SRWLock”的前面)
c:\program files (x86)\windows kits\10\include\10.0.17134.0\um\synchapi.h(85): error C2146: 语法错误: 缺少“)”(在标识符“SRWLock”的前面)
c:\program files (x86)\windows kits\10\include\10.0.17134.0\um\synchapi.h(94): error C2146: 语法错误: 缺少“)”(在标识符“SRWLock”的前面)
c:\program files (x86)\windows kits\10\include\10.0.17134.0\um\synchapi.h(103): error C2146: 语法错误: 缺少“)”(在标识符“SRWLock”的前面)
c:\program files (x86)\windows kits\10\include\10.0.17134.0\um\synchapi.h(203): error C4430: 缺少类型说明符 - 假定为 int。注意: C++ 不支持默认 int
c:\program files (x86)\windows kits\10\include\10.0.17134.0\um\synchapi.h(203): error C2146: 语法错误: 缺少“;”(在标识符“INIT_ONCE”的前面)
c:\program files (x86)\windows kits\10\include\10.0.17134.0\um\synchapi.h(204): error C4430: 缺少类型说明符 - 假定为 int。注意: C++ 不支持默认 int
c:\program files (x86)\windows kits\10\include\10.0.17134.0\um\synchapi.h(204): error C2146: 语法错误: 缺少“;”(在标识符“PINIT_ONCE”的前面)
c:\program files (x86)\windows kits\10\include\10.0.17134.0\um\synchapi.h(227): error C2146: 语法错误: 缺少“)”(在标识符“InitOnce”的前面)
c:\program files (x86)\windows kits\10\include\10.0.17134.0\um\synchapi.h(239): error C2146: 语法错误: 缺少“)”(在标识符“InitOnce”的前面)
c:\program files (x86)\windows kits\10\include\10.0.17134.0\um\synchapi.h(246): error C2146: 语法错误: 缺少“)”(在标识符“InitOnce”的前面)
c:\program files (x86)\windows kits\10\include\10.0.17134.0\um\synchapi.h(280): error C4430: 缺少类型说明符 - 假定为 int。注意: C++ 不支持默认 int
c:\program files (x86)\windows kits\10\include\10.0.17134.0\um\synchapi.h(280): error C2146: 语法错误: 缺少“;”(在标识符“CONDITION_VARIABLE”的前面)
c:\program files (x86)\windows kits\10\include\10.0.17134.0\um\synchapi.h(301): error C2146: 语法错误: 缺少“)”(在标识符“ConditionVariable”的前面)
c:\program files (x86)\windows kits\10\include\10.0.17134.0\um\synchapi.h(309): error C2146: 语法错误: 缺少“)”(在标识符“ConditionVariable”的前面)
c:\program files (x86)\windows kits\10\include\10.0.17134.0\um\synchapi.h(317): error C2146: 语法错误: 缺少“)”(在标识符“ConditionVariable”的前面)
c:\program files (x86)\windows kits\10\include\10.0.17134.0\um\synchapi.h(324): error C2146: 语法错误: 缺少“)”(在标识符“ConditionVariable”的前面)
c:\program files (x86)\windows kits\10\include\10.0.17134.0\um\synchapi.h(334): error C2146: 语法错误: 缺少“)”(在标识符“ConditionVariable”的前面)
c:\program files (x86)\windows kits\10\include\10.0.17134.0\um\synchapi.h(709): error C4430: 缺少类型说明符 - 假定为 int。注意: C++ 不支持默认 int
c:\program files (x86)\windows kits\10\include\10.0.17134.0\um\synchapi.h(709): error C2146: 语法错误: 缺少“;”(在标识符“SYNCHRONIZATION_BARRIER”的前面)
c:\program files (x86)\windows kits\10\include\10.0.17134.0\um\synchapi.h(710): error C4430: 缺少类型说明符 - 假定为 int。注意: C++ 不支持默认 int
c:\program files (x86)\windows kits\10\include\10.0.17134.0\um\synchapi.h(710): error C2146: 语法错误: 缺少“;”(在标识符“PSYNCHRONIZATION_BARRIER”的前面)
c:\program files (x86)\windows kits\10\include\10.0.17134.0\um\interlockedapi.h(48): error C2065: “PSLIST_HEADER”: 未声明的标识符
c:\program files (x86)\windows kits\10\include\10.0.17134.0\um\interlockedapi.h(49): error C2146: 语法错误: 缺少“)”(在标识符“ListHead”的前面)
c:\program files (x86)\windows kits\10\include\10.0.17134.0\um\interlockedapi.h(54): error C2143: 语法错误: 缺少“;”(在“__stdcall”的前面)
c:\program files (x86)\windows kits\10\include\10.0.17134.0\um\interlockedapi.h(54): error C4430: 缺少类型说明符 - 假定为 int。注意: C++ 不支持默认 int
c:\program files (x86)\windows kits\10\include\10.0.17134.0\um\interlockedapi.h(56): error C2065: “PSLIST_HEADER”: 未声明的标识符
c:\program files (x86)\windows kits\10\include\10.0.17134.0\um\interlockedapi.h(57): error C2146: 语法错误: 缺少“)”(在标识符“ListHead”的前面)
c:\program files (x86)\windows kits\10\include\10.0.17134.0\um\interlockedapi.h(62): error C2143: 语法错误: 缺少“;”(在“__stdcall”的前面)
c:\program files (x86)\windows kits\10\include\10.0.17134.0\um\interlockedapi.h(62): error C4430: 缺少类型说明符 - 假定为 int。注意: C++ 不支持默认 int
c:\program files (x86)\windows kits\10\include\10.0.17134.0\um\interlockedapi.h(64): error C2065: “PSLIST_HEADER”: 未声明的标识符
c:\program files (x86)\windows kits\10\include\10.0.17134.0\um\interlockedapi.h(64): error C2146: 语法错误: 缺少“)”(在标识符“ListHead”的前面)
c:\program files (x86)\windows kits\10\include\10.0.17134.0\um\interlockedapi.h(76): error C2143: 语法错误: 缺少“;”(在“__stdcall”的前面)
c:\program files (x86)\windows kits\10\include\10.0.17134.0\um\interlockedapi.h(76): error C4430: 缺少类型说明符 - 假定为 int。注意: C++ 不支持默认 int
c:\program files (x86)\windows kits\10\include\10.0.17134.0\um\interlockedapi.h(78): error C2065: “PSLIST_HEADER”: 未声明的标识符
c:\program files (x86)\windows kits\10\include\10.0.17134.0\um\interlockedapi.h(78): error C2146: 语法错误: 缺少“)”(在标识符“ListHead”的前面)
c:\program files (x86)\windows kits\10\include\10.0.17134.0\um\interlockedapi.h(91): error C2143: 语法错误: 缺少“;”(在“__stdcall”的前面)
c:\program files (x86)\windows kits\10\include\10.0.17134.0\um\interlockedapi.h(91): error C4430: 缺少类型说明符 - 假定为 int。注意: C++ 不支持默认 int
c:\program files (x86)\windows kits\10\include\10.0.17134.0\um\interlockedapi.h(93): error C2065: “PSLIST_HEADER”: 未声明的标识符
c:\program files (x86)\windows kits\10\include\10.0.17134.0\um\interlockedapi.h(94): error C2146: 语法错误: 缺少“)”(在标识符“ListHead”的前面)
c:\program files (x86)\windows kits\10\include\10.0.17134.0\um\interlockedapi.h(101): error C2065: “PSLIST_HEADER”: 未声明的标识符
c:\program files (x86)\windows kits\10\include\10.0.17134.0\um\interlockedapi.h(102): error C2146: 语法错误: 缺少“)”(在标识符“ListHead”的前面)
c:\program files (x86)\windows kits\10\include\10.0.17134.0\um\processthreadsapi.h(95): error C2065: “PAPCFUNC”: 未声明的标识符
c:\program files (x86)\windows kits\10\include\10.0.17134.0\um\processthreadsapi.h(95): error C2146: 语法错误: 缺少“)”(在标识符“pfnAPC”的前面)
c:\program files (x86)\windows kits\10\include\10.0.17134.0\um\sysinfoapi.h(379): error C2065: “LPOSVERSIONINFOA”: 未声明的标识符
c:\program files (x86)\windows kits\10\include\10.0.17134.0\um\sysinfoapi.h(380): error C2146: 语法错误: 缺少“)”(在标识符“lpVersionInformation”的前面)
c:\program files (x86)\windows kits\10\include\10.0.17134.0\um\sysinfoapi.h(388): error C2065: “LPOSVERSIONINFOW”: 未声明的标识符
c:\program files (x86)\windows kits\10\include\10.0.17134.0\um\sysinfoapi.h(389): error C2146: 语法错误: 缺少“)”(在标识符“lpVersionInformation”的前面)
c:\program files (x86)\windows kits\10\include\10.0.17134.0\um\threadpoollegacyapiset.h(67): error C2061: 语法错误: 标识符“WAITORTIMERCALLBACK”
c:\program files (x86)\windows kits\10\include\10.0.17134.0\um\threadpoolapiset.h(35): error C2065: “PTP_CALLBACK_INSTANCE”: 未声明的标识符
c:\program files (x86)\windows kits\10\include\10.0.17134.0\um\threadpoolapiset.h(35): error C2146: 语法错误: 缺少“)”(在标识符“Instance”的前面)
c:\program files (x86)\windows kits\10\include\10.0.17134.0\um\threadpoolapiset.h(48): error C2143: 语法错误: 缺少“;”(在“__stdcall”的前面)
c:\program files (x86)\windows kits\10\include\10.0.17134.0\um\threadpoolapiset.h(48): error C4430: 缺少类型说明符 - 假定为 int。注意: C++ 不支持默认 int
c:\program files (x86)\windows kits\10\include\10.0.17134.0\um\threadpoolapiset.h(51): error C4430: 缺少类型说明符 - 假定为 int。注意: C++ 不支持默认 int
c:\program files (x86)\windows kits\10\include\10.0.17134.0\um\threadpoolapiset.h(58): error C2146: 语法错误: 缺少“)”(在标识符“ptpp”的前面)
c:\program files (x86)\windows kits\10\include\10.0.17134.0\um\threadpoolapiset.h(67): error C2146: 语法错误: 缺少“)”(在标识符“ptpp”的前面)
c:\program files (x86)\windows kits\10\include\10.0.17134.0\um\threadpoolapiset.h(76): error C2146: 语法错误: 缺少“)”(在标识符“ptpp”的前面)
c:\program files (x86)\windows kits\10\include\10.0.17134.0\um\threadpoolapiset.h(85): error C2146: 语法错误: 缺少“)”(在标识符“ptpp”的前面)
c:\program files (x86)\windows kits\10\include\10.0.17134.0\um\threadpoolapiset.h(95): error C2146: 语法错误: 缺少“)”(在标识符“ptpp”的前面)
c:\program files (x86)\windows kits\10\include\10.0.17134.0\um\threadpoolapiset.h(101): error C2143: 语法错误: 缺少“;”(在“__stdcall”的前面)
c:\program files (x86)\windows kits\10\include\10.0.17134.0\um\threadpoolapiset.h(101): error C4430: 缺少类型说明符 - 假定为 int。注意: C++ 不支持默认 int
c:\program files (x86)\windows kits\10\include\10.0.17134.0\um\threadpoolapiset.h(104): error C4430: 缺少类型说明符 - 假定为 int。注意: C++ 不支持默认 int
c:\program files (x86)\windows kits\10\include\10.0.17134.0\um\threadpoolapiset.h(111): error C2146: 语法错误: 缺少“)”(在标识符“ptpcg”的前面)
c:\program files (x86)\windows kits\10\include\10.0.17134.0\um\threadpoolapiset.h(122): error C2146: 语法错误: 缺少“)”(在标识符“ptpcg”的前面)
c:\program files (x86)\windows kits\10\include\10.0.17134.0\um\threadpoolapiset.h(129): error C2065: “PTP_CALLBACK_INSTANCE”: 未声明的标识符
c:\program files (x86)\windows kits\10\include\10.0.17134.0\um\threadpoolapiset.h(129): error C2146: 语法错误: 缺少“)”(在标识符“pci”的前面)
c:\program files (x86)\windows kits\10\include\10.0.17134.0\um\threadpoolapiset.h(138): error C2065: “PTP_CALLBACK_INSTANCE”: 未声明的标识符
c:\program files (x86)\windows kits\10\include\10.0.17134.0\um\threadpoolapiset.h(138): error C2146: 语法错误: 缺少“)”(在标识符“pci”的前面)
c:\program files (x86)\windows kits\10\include\10.0.17134.0\um\threadpoolapiset.h(148): error C2065: “PTP_CALLBACK_INSTANCE”: 未声明的标识符
c:\program files (x86)\windows kits\10\include\10.0.17134.0\um\threadpoolapiset.h(148): error C2146: 语法错误: 缺少“)”(在标识符“pci”的前面)
c:\program files (x86)\windows kits\10\include\10.0.17134.0\um\threadpoolapiset.h(157): error C2065: “PTP_CALLBACK_INSTANCE”: 未声明的标识符
c:\program files (x86)\windows kits\10\include\10.0.17134.0\um\threadpoolapiset.h(157): error C2146: 语法错误: 缺少“)”(在标识符“pci”的前面)
c:\program files (x86)\windows kits\10\include\10.0.17134.0\um\threadpoolapiset.h(166): error C2065: “PTP_CALLBACK_INSTANCE”: 未声明的标识符
c:\program files (x86)\windows kits\10\include\10.0.17134.0\um\threadpoolapiset.h(166): error C2146: 语法错误: 缺少“)”(在标识符“pci”的前面)
c:\program files (x86)\windows kits\10\include\10.0.17134.0\um\threadpoolapiset.h(175): error C2065: “PTP_CALLBACK_INSTANCE”: 未声明的标识符
c:\program files (x86)\windows kits\10\include\10.0.17134.0\um\threadpoolapiset.h(176): error C2146: 语法错误: 缺少“)”(在标识符“pci”的前面)
c:\program files (x86)\windows kits\10\include\10.0.17134.0\um\threadpoolapiset.h(183): error C2065: “PTP_CALLBACK_INSTANCE”: 未声明的标识符
c:\program files (x86)\windows kits\10\include\10.0.17134.0\um\threadpoolapiset.h(184): error C2146: 语法错误: 缺少“)”(在标识符“pci”的前面)
c:\program files (x86)\windows kits\10\include\10.0.17134.0\um\threadpoolapiset.h(192): error C2065: “PTP_SIMPLE_CALLBACK”: 未声明的标识符
c:\program files (x86)\windows kits\10\include\10.0.17134.0\um\threadpoolapiset.h(192): error C2146: 语法错误: 缺少“)”(在标识符“pfns”的前面)
c:\program files (x86)\windows kits\10\include\10.0.17134.0\um\threadpoolapiset.h(201): error C2143: 语法错误: 缺少“;”(在“__stdcall”的前面)
c:\program files (x86)\windows kits\10\include\10.0.17134.0\um\threadpoolapiset.h(201): error C4430: 缺少类型说明符 - 假定为 int。注意: C++ 不支持默认 int
c:\program files (x86)\windows kits\10\include\10.0.17134.0\um\threadpoolapiset.h(203): error C2065: “PTP_WORK_CALLBACK”: 未声明的标识符
c:\program files (x86)\windows kits\10\include\10.0.17134.0\um\threadpoolapiset.h(203): error C2146: 语法错误: 缺少“)”(在标识符“pfnwk”的前面)
c:\program files (x86)\windows kits\10\include\10.0.17134.0\um\threadpoolapiset.h(214): error C2146: 语法错误: 缺少“)”(在标识符“pwk”的前面)
c:\program files (x86)\windows kits\10\include\10.0.17134.0\um\threadpoolapiset.h(221): error C2146: 语法错误: 缺少“)”(在标识符“pwk”的前面)
c:\program files (x86)\windows kits\10\include\10.0.17134.0\um\threadpoolapiset.h(231): error C2146: 语法错误: 缺少“)”(在标识符“pwk”的前面)
c:\program files (x86)\windows kits\10\include\10.0.17134.0\um\threadpoolapiset.h(237): error C2143: 语法错误: 缺少“;”(在“__stdcall”的前面)
c:\program files (x86)\windows kits\10\include\10.0.17134.0\um\threadpoolapiset.h(237): error C4430: 缺少类型说明符 - 假定为 int。注意: C++ 不支持默认 int
c:\program files (x86)\windows kits\10\include\10.0.17134.0\um\threadpoolapiset.h(239): error C2065: “PTP_TIMER_CALLBACK”: 未声明的标识符
c:\program files (x86)\windows kits\10\include\10.0.17134.0\um\threadpoolapiset.h(239): error C2146: 语法错误: 缺少“)”(在标识符“pfnti”的前面)
c:\program files (x86)\windows kits\10\include\10.0.17134.0\um\threadpoolapiset.h(249): error C2146: 语法错误: 缺少“)”(在标识符“pti”的前面)
c:\program files (x86)\windows kits\10\include\10.0.17134.0\um\threadpoolapiset.h(261): error C2146: 语法错误: 缺少“)”(在标识符“pti”的前面)
c:\program files (x86)\windows kits\10\include\10.0.17134.0\um\threadpoolapiset.h(268): error C2146: 语法错误: 缺少“)”(在标识符“pti”的前面)
c:\program files (x86)\windows kits\10\include\10.0.17134.0\um\threadpoolapiset.h(278): error C2146: 语法错误: 缺少“)”(在标识符“pti”的前面)
c:\program files (x86)\windows kits\10\include\10.0.17134.0\um\threadpoolapiset.h(278): fatal error C1003: 错误计数超过 100；正在停止编译
  plane.cpp
c:\program files (x86)\windows kits\10\include\10.0.17134.0\um\winnt.h(18099): error C2059: 语法错误:“常数”
c:\program files (x86)\windows kits\10\include\10.0.17134.0\um\winnt.h(18099): error C2334: “:”的前面有意外标记；跳过明显的函数体
c:\program files (x86)\windows kits\10\include\10.0.17134.0\um\winnt.h(19423): error C2170: “__fastfail”: 没有声明为函数，不能是内部函数
c:\program files (x86)\windows kits\10\include\10.0.17134.0\um\winnt.h(21325): error C2059: 语法错误:“字符串”
c:\program files (x86)\windows kits\10\include\10.0.17134.0\um\winnt.h(21325): error C2334: “{”的前面有意外标记；跳过明显的函数体
c:\program files (x86)\windows kits\10\include\10.0.17134.0\shared\minwindef.h(186): error C2159: 指定了一个以上的存储类
c:\program files (x86)\windows kits\10\include\10.0.17134.0\shared\minwindef.h(186): error C2371: “UINT_PTR”: 重定义；不同的基类型
  c:\program files (x86)\windows kits\10\include\10.0.17134.0\shared\basetsd.h(135): note: 参见“UINT_PTR”的声明
c:\program files (x86)\windows kits\10\include\10.0.17134.0\shared\minwindef.h(186): error C2146: 语法错误: 缺少“;”(在标识符“WPARAM”的前面)
c:\program files (x86)\windows kits\10\include\10.0.17134.0\shared\minwindef.h(186): error C4430: 缺少类型说明符 - 假定为 int。注意: C++ 不支持默认 int
c:\program files (x86)\windows kits\10\include\10.0.17134.0\um\minwinbase.h(215): error C4430: 缺少类型说明符 - 假定为 int。注意: C++ 不支持默认 int
c:\program files (x86)\windows kits\10\include\10.0.17134.0\um\minwinbase.h(215): error C2146: 语法错误: 缺少“;”(在标识符“CRITICAL_SECTION”的前面)
c:\program files (x86)\windows kits\10\include\10.0.17134.0\um\minwinbase.h(216): error C4430: 缺少类型说明符 - 假定为 int。注意: C++ 不支持默认 int
c:\program files (x86)\windows kits\10\include\10.0.17134.0\um\minwinbase.h(216): error C2146: 语法错误: 缺少“;”(在标识符“PCRITICAL_SECTION”的前面)
c:\program files (x86)\windows kits\10\include\10.0.17134.0\um\minwinbase.h(219): error C4430: 缺少类型说明符 - 假定为 int。注意: C++ 不支持默认 int
c:\program files (x86)\windows kits\10\include\10.0.17134.0\um\minwinbase.h(219): error C2146: 语法错误: 缺少“;”(在标识符“CRITICAL_SECTION_DEBUG”的前面)
c:\program files (x86)\windows kits\10\include\10.0.17134.0\um\minwinbase.h(220): error C4430: 缺少类型说明符 - 假定为 int。注意: C++ 不支持默认 int
c:\program files (x86)\windows kits\10\include\10.0.17134.0\um\minwinbase.h(220): error C2146: 语法错误: 缺少“;”(在标识符“PCRITICAL_SECTION_DEBUG”的前面)
c:\program files (x86)\windows kits\10\include\10.0.17134.0\um\errhandlingapi.h(150): error C2061: 语法错误: 标识符“PVECTORED_EXCEPTION_HANDLER”
c:\program files (x86)\windows kits\10\include\10.0.17134.0\um\errhandlingapi.h(168): error C2061: 语法错误: 标识符“PVECTORED_EXCEPTION_HANDLER”
c:\program files (x86)\windows kits\10\include\10.0.17134.0\um\fibersapi.h(37): error C2065: “PFLS_CALLBACK_FUNCTION”: 未声明的标识符
c:\program files (x86)\windows kits\10\include\10.0.17134.0\um\fibersapi.h(38): error C2146: 语法错误: 缺少“)”(在标识符“lpCallback”的前面)
c:\program files (x86)\windows kits\10\include\10.0.17134.0\um\heapapi.h(152): error C2061: 语法错误: 标识符“HEAP_INFORMATION_CLASS”
c:\program files (x86)\windows kits\10\include\10.0.17134.0\um\heapapi.h(234): error C2061: 语法错误: 标识符“HEAP_INFORMATION_CLASS”
c:\program files (x86)\windows kits\10\include\10.0.17134.0\um\synchapi.h(34): error C4430: 缺少类型说明符 - 假定为 int。注意: C++ 不支持默认 int
c:\program files (x86)\windows kits\10\include\10.0.17134.0\um\synchapi.h(34): error C2146: 语法错误: 缺少“;”(在标识符“SRWLOCK”的前面)
c:\program files (x86)\windows kits\10\include\10.0.17134.0\um\synchapi.h(49): error C2146: 语法错误: 缺少“)”(在标识符“SRWLock”的前面)
c:\program files (x86)\windows kits\10\include\10.0.17134.0\um\synchapi.h(58): error C2146: 语法错误: 缺少“)”(在标识符“SRWLock”的前面)
c:\program files (x86)\windows kits\10\include\10.0.17134.0\um\synchapi.h(67): error C2146: 语法错误: 缺少“)”(在标识符“SRWLock”的前面)
c:\program files (x86)\windows kits\10\include\10.0.17134.0\um\synchapi.h(76): error C2146: 语法错误: 缺少“)”(在标识符“SRWLock”的前面)
c:\program files (x86)\windows kits\10\include\10.0.17134.0\um\synchapi.h(85): error C2146: 语法错误: 缺少“)”(在标识符“SRWLock”的前面)
c:\program files (x86)\windows kits\10\include\10.0.17134.0\um\synchapi.h(94): error C2146: 语法错误: 缺少“)”(在标识符“SRWLock”的前面)
c:\program files (x86)\windows kits\10\include\10.0.17134.0\um\synchapi.h(103): error C2146: 语法错误: 缺少“)”(在标识符“SRWLock”的前面)
c:\program files (x86)\windows kits\10\include\10.0.17134.0\um\synchapi.h(203): error C4430: 缺少类型说明符 - 假定为 int。注意: C++ 不支持默认 int
c:\program files (x86)\windows kits\10\include\10.0.17134.0\um\synchapi.h(203): error C2146: 语法错误: 缺少“;”(在标识符“INIT_ONCE”的前面)
c:\program files (x86)\windows kits\10\include\10.0.17134.0\um\synchapi.h(204): error C4430: 缺少类型说明符 - 假定为 int。注意: C++ 不支持默认 int
c:\program files (x86)\windows kits\10\include\10.0.17134.0\um\synchapi.h(204): error C2146: 语法错误: 缺少“;”(在标识符“PINIT_ONCE”的前面)
c:\program files (x86)\windows kits\10\include\10.0.17134.0\um\synchapi.h(227): error C2146: 语法错误: 缺少“)”(在标识符“InitOnce”的前面)
c:\program files (x86)\windows kits\10\include\10.0.17134.0\um\synchapi.h(239): error C2146: 语法错误: 缺少“)”(在标识符“InitOnce”的前面)
c:\program files (x86)\windows kits\10\include\10.0.17134.0\um\synchapi.h(246): error C2146: 语法错误: 缺少“)”(在标识符“InitOnce”的前面)
c:\program files (x86)\windows kits\10\include\10.0.17134.0\um\synchapi.h(280): error C4430: 缺少类型说明符 - 假定为 int。注意: C++ 不支持默认 int
c:\program files (x86)\windows kits\10\include\10.0.17134.0\um\synchapi.h(280): error C2146: 语法错误: 缺少“;”(在标识符“CONDITION_VARIABLE”的前面)
c:\program files (x86)\windows kits\10\include\10.0.17134.0\um\synchapi.h(301): error C2146: 语法错误: 缺少“)”(在标识符“ConditionVariable”的前面)
c:\program files (x86)\windows kits\10\include\10.0.17134.0\um\synchapi.h(309): error C2146: 语法错误: 缺少“)”(在标识符“ConditionVariable”的前面)
c:\program files (x86)\windows kits\10\include\10.0.17134.0\um\synchapi.h(317): error C2146: 语法错误: 缺少“)”(在标识符“ConditionVariable”的前面)
c:\program files (x86)\windows kits\10\include\10.0.17134.0\um\synchapi.h(324): error C2146: 语法错误: 缺少“)”(在标识符“ConditionVariable”的前面)
c:\program files (x86)\windows kits\10\include\10.0.17134.0\um\synchapi.h(334): error C2146: 语法错误: 缺少“)”(在标识符“ConditionVariable”的前面)
c:\program files (x86)\windows kits\10\include\10.0.17134.0\um\synchapi.h(709): error C4430: 缺少类型说明符 - 假定为 int。注意: C++ 不支持默认 int
c:\program files (x86)\windows kits\10\include\10.0.17134.0\um\synchapi.h(709): error C2146: 语法错误: 缺少“;”(在标识符“SYNCHRONIZATION_BARRIER”的前面)
c:\program files (x86)\windows kits\10\include\10.0.17134.0\um\synchapi.h(710): error C4430: 缺少类型说明符 - 假定为 int。注意: C++ 不支持默认 int
c:\program files (x86)\windows kits\10\include\10.0.17134.0\um\synchapi.h(710): error C2146: 语法错误: 缺少“;”(在标识符“PSYNCHRONIZATION_BARRIER”的前面)
c:\program files (x86)\windows kits\10\include\10.0.17134.0\um\interlockedapi.h(48): error C2065: “PSLIST_HEADER”: 未声明的标识符
c:\program files (x86)\windows kits\10\include\10.0.17134.0\um\interlockedapi.h(49): error C2146: 语法错误: 缺少“)”(在标识符“ListHead”的前面)
c:\program files (x86)\windows kits\10\include\10.0.17134.0\um\interlockedapi.h(54): error C2143: 语法错误: 缺少“;”(在“__stdcall”的前面)
c:\program files (x86)\windows kits\10\include\10.0.17134.0\um\interlockedapi.h(54): error C4430: 缺少类型说明符 - 假定为 int。注意: C++ 不支持默认 int
c:\program files (x86)\windows kits\10\include\10.0.17134.0\um\interlockedapi.h(56): error C2065: “PSLIST_HEADER”: 未声明的标识符
c:\program files (x86)\windows kits\10\include\10.0.17134.0\um\interlockedapi.h(57): error C2146: 语法错误: 缺少“)”(在标识符“ListHead”的前面)
c:\program files (x86)\windows kits\10\include\10.0.17134.0\um\interlockedapi.h(62): error C2143: 语法错误: 缺少“;”(在“__stdcall”的前面)
c:\program files (x86)\windows kits\10\include\10.0.17134.0\um\interlockedapi.h(62): error C4430: 缺少类型说明符 - 假定为 int。注意: C++ 不支持默认 int
c:\program files (x86)\windows kits\10\include\10.0.17134.0\um\interlockedapi.h(64): error C2065: “PSLIST_HEADER”: 未声明的标识符
c:\program files (x86)\windows kits\10\include\10.0.17134.0\um\interlockedapi.h(64): error C2146: 语法错误: 缺少“)”(在标识符“ListHead”的前面)
c:\program files (x86)\windows kits\10\include\10.0.17134.0\um\interlockedapi.h(76): error C2143: 语法错误: 缺少“;”(在“__stdcall”的前面)
c:\program files (x86)\windows kits\10\include\10.0.17134.0\um\interlockedapi.h(76): error C4430: 缺少类型说明符 - 假定为 int。注意: C++ 不支持默认 int
c:\program files (x86)\windows kits\10\include\10.0.17134.0\um\interlockedapi.h(78): error C2065: “PSLIST_HEADER”: 未声明的标识符
c:\program files (x86)\windows kits\10\include\10.0.17134.0\um\interlockedapi.h(78): error C2146: 语法错误: 缺少“)”(在标识符“ListHead”的前面)
c:\program files (x86)\windows kits\10\include\10.0.17134.0\um\interlockedapi.h(91): error C2143: 语法错误: 缺少“;”(在“__stdcall”的前面)
c:\program files (x86)\windows kits\10\include\10.0.17134.0\um\interlockedapi.h(91): error C4430: 缺少类型说明符 - 假定为 int。注意: C++ 不支持默认 int
c:\program files (x86)\windows kits\10\include\10.0.17134.0\um\interlockedapi.h(93): error C2065: “PSLIST_HEADER”: 未声明的标识符
c:\program files (x86)\windows kits\10\include\10.0.17134.0\um\interlockedapi.h(94): error C2146: 语法错误: 缺少“)”(在标识符“ListHead”的前面)
c:\program files (x86)\windows kits\10\include\10.0.17134.0\um\interlockedapi.h(101): error C2065: “PSLIST_HEADER”: 未声明的标识符
c:\program files (x86)\windows kits\10\include\10.0.17134.0\um\interlockedapi.h(102): error C2146: 语法错误: 缺少“)”(在标识符“ListHead”的前面)
c:\program files (x86)\windows kits\10\include\10.0.17134.0\um\processthreadsapi.h(95): error C2065: “PAPCFUNC”: 未声明的标识符
c:\program files (x86)\windows kits\10\include\10.0.17134.0\um\processthreadsapi.h(95): error C2146: 语法错误: 缺少“)”(在标识符“pfnAPC”的前面)
c:\program files (x86)\windows kits\10\include\10.0.17134.0\um\sysinfoapi.h(379): error C2065: “LPOSVERSIONINFOA”: 未声明的标识符
c:\program files (x86)\windows kits\10\include\10.0.17134.0\um\sysinfoapi.h(380): error C2146: 语法错误: 缺少“)”(在标识符“lpVersionInformation”的前面)
c:\program files (x86)\windows kits\10\include\10.0.17134.0\um\sysinfoapi.h(388): error C2065: “LPOSVERSIONINFOW”: 未声明的标识符
c:\program files (x86)\windows kits\10\include\10.0.17134.0\um\sysinfoapi.h(389): error C2146: 语法错误: 缺少“)”(在标识符“lpVersionInformation”的前面)
c:\program files (x86)\windows kits\10\include\10.0.17134.0\um\threadpoollegacyapiset.h(67): error C2061: 语法错误: 标识符“WAITORTIMERCALLBACK”
c:\program files (x86)\windows kits\10\include\10.0.17134.0\um\threadpoolapiset.h(35): error C2065: “PTP_CALLBACK_INSTANCE”: 未声明的标识符
c:\program files (x86)\windows kits\10\include\10.0.17134.0\um\threadpoolapiset.h(35): error C2146: 语法错误: 缺少“)”(在标识符“Instance”的前面)
c:\program files (x86)\windows kits\10\include\10.0.17134.0\um\threadpoolapiset.h(48): error C2143: 语法错误: 缺少“;”(在“__stdcall”的前面)
c:\program files (x86)\windows kits\10\include\10.0.17134.0\um\threadpoolapiset.h(48): error C4430: 缺少类型说明符 - 假定为 int。注意: C++ 不支持默认 int
c:\program files (x86)\windows kits\10\include\10.0.17134.0\um\threadpoolapiset.h(51): error C4430: 缺少类型说明符 - 假定为 int。注意: C++ 不支持默认 int
c:\program files (x86)\windows kits\10\include\10.0.17134.0\um\threadpoolapiset.h(58): error C2146: 语法错误: 缺少“)”(在标识符“ptpp”的前面)
c:\program files (x86)\windows kits\10\include\10.0.17134.0\um\threadpoolapiset.h(67): error C2146: 语法错误: 缺少“)”(在标识符“ptpp”的前面)
c:\program files (x86)\windows kits\10\include\10.0.17134.0\um\threadpoolapiset.h(76): error C2146: 语法错误: 缺少“)”(在标识符“ptpp”的前面)
c:\program files (x86)\windows kits\10\include\10.0.17134.0\um\threadpoolapiset.h(85): error C2146: 语法错误: 缺少“)”(在标识符“ptpp”的前面)
c:\program files (x86)\windows kits\10\include\10.0.17134.0\um\threadpoolapiset.h(95): error C2146: 语法错误: 缺少“)”(在标识符“ptpp”的前面)
c:\program files (x86)\windows kits\10\include\10.0.17134.0\um\threadpoolapiset.h(101): error C2143: 语法错误: 缺少“;”(在“__stdcall”的前面)
c:\program files (x86)\windows kits\10\include\10.0.17134.0\um\threadpoolapiset.h(101): error C4430: 缺少类型说明符 - 假定为 int。注意: C++ 不支持默认 int
c:\program files (x86)\windows kits\10\include\10.0.17134.0\um\threadpoolapiset.h(104): error C4430: 缺少类型说明符 - 假定为 int。注意: C++ 不支持默认 int
c:\program files (x86)\windows kits\10\include\10.0.17134.0\um\threadpoolapiset.h(111): error C2146: 语法错误: 缺少“)”(在标识符“ptpcg”的前面)
c:\program files (x86)\windows kits\10\include\10.0.17134.0\um\threadpoolapiset.h(122): error C2146: 语法错误: 缺少“)”(在标识符“ptpcg”的前面)
c:\program files (x86)\windows kits\10\include\10.0.17134.0\um\threadpoolapiset.h(129): error C2065: “PTP_CALLBACK_INSTANCE”: 未声明的标识符
c:\program files (x86)\windows kits\10\include\10.0.17134.0\um\threadpoolapiset.h(129): error C2146: 语法错误: 缺少“)”(在标识符“pci”的前面)
c:\program files (x86)\windows kits\10\include\10.0.17134.0\um\threadpoolapiset.h(138): error C2065: “PTP_CALLBACK_INSTANCE”: 未声明的标识符
c:\program files (x86)\windows kits\10\include\10.0.17134.0\um\threadpoolapiset.h(138): error C2146: 语法错误: 缺少“)”(在标识符“pci”的前面)
c:\program files (x86)\windows kits\10\include\10.0.17134.0\um\threadpoolapiset.h(148): error C2065: “PTP_CALLBACK_INSTANCE”: 未声明的标识符
c:\program files (x86)\windows kits\10\include\10.0.17134.0\um\threadpoolapiset.h(148): error C2146: 语法错误: 缺少“)”(在标识符“pci”的前面)
c:\program files (x86)\windows kits\10\include\10.0.17134.0\um\threadpoolapiset.h(157): error C2065: “PTP_CALLBACK_INSTANCE”: 未声明的标识符
c:\program files (x86)\windows kits\10\include\10.0.17134.0\um\threadpoolapiset.h(157): error C2146: 语法错误: 缺少“)”(在标识符“pci”的前面)
c:\program files (x86)\windows kits\10\include\10.0.17134.0\um\threadpoolapiset.h(166): error C2065: “PTP_CALLBACK_INSTANCE”: 未声明的标识符
c:\program files (x86)\windows kits\10\include\10.0.17134.0\um\threadpoolapiset.h(166): error C2146: 语法错误: 缺少“)”(在标识符“pci”的前面)
c:\program files (x86)\windows kits\10\include\10.0.17134.0\um\threadpoolapiset.h(175): error C2065: “PTP_CALLBACK_INSTANCE”: 未声明的标识符
c:\program files (x86)\windows kits\10\include\10.0.17134.0\um\threadpoolapiset.h(176): error C2146: 语法错误: 缺少“)”(在标识符“pci”的前面)
c:\program files (x86)\windows kits\10\include\10.0.17134.0\um\threadpoolapiset.h(183): error C2065: “PTP_CALLBACK_INSTANCE”: 未声明的标识符
c:\program files (x86)\windows kits\10\include\10.0.17134.0\um\threadpoolapiset.h(184): error C2146: 语法错误: 缺少“)”(在标识符“pci”的前面)
c:\program files (x86)\windows kits\10\include\10.0.17134.0\um\threadpoolapiset.h(192): error C2065: “PTP_SIMPLE_CALLBACK”: 未声明的标识符
c:\program files (x86)\windows kits\10\include\10.0.17134.0\um\threadpoolapiset.h(192): error C2146: 语法错误: 缺少“)”(在标识符“pfns”的前面)
c:\program files (x86)\windows kits\10\include\10.0.17134.0\um\threadpoolapiset.h(201): error C2143: 语法错误: 缺少“;”(在“__stdcall”的前面)
c:\program files (x86)\windows kits\10\include\10.0.17134.0\um\threadpoolapiset.h(201): error C4430: 缺少类型说明符 - 假定为 int。注意: C++ 不支持默认 int
c:\program files (x86)\windows kits\10\include\10.0.17134.0\um\threadpoolapiset.h(203): error C2065: “PTP_WORK_CALLBACK”: 未声明的标识符
c:\program files (x86)\windows kits\10\include\10.0.17134.0\um\threadpoolapiset.h(203): error C2146: 语法错误: 缺少“)”(在标识符“pfnwk”的前面)
c:\program files (x86)\windows kits\10\include\10.0.17134.0\um\threadpoolapiset.h(214): error C2146: 语法错误: 缺少“)”(在标识符“pwk”的前面)
c:\program files (x86)\windows kits\10\include\10.0.17134.0\um\threadpoolapiset.h(221): error C2146: 语法错误: 缺少“)”(在标识符“pwk”的前面)
c:\program files (x86)\windows kits\10\include\10.0.17134.0\um\threadpoolapiset.h(231): error C2146: 语法错误: 缺少“)”(在标识符“pwk”的前面)
c:\program files (x86)\windows kits\10\include\10.0.17134.0\um\threadpoolapiset.h(237): error C2143: 语法错误: 缺少“;”(在“__stdcall”的前面)
c:\program files (x86)\windows kits\10\include\10.0.17134.0\um\threadpoolapiset.h(237): error C4430: 缺少类型说明符 - 假定为 int。注意: C++ 不支持默认 int
c:\program files (x86)\windows kits\10\include\10.0.17134.0\um\threadpoolapiset.h(239): error C2065: “PTP_TIMER_CALLBACK”: 未声明的标识符
c:\program files (x86)\windows kits\10\include\10.0.17134.0\um\threadpoolapiset.h(239): error C2146: 语法错误: 缺少“)”(在标识符“pfnti”的前面)
c:\program files (x86)\windows kits\10\include\10.0.17134.0\um\threadpoolapiset.h(249): error C2146: 语法错误: 缺少“)”(在标识符“pti”的前面)
c:\program files (x86)\windows kits\10\include\10.0.17134.0\um\threadpoolapiset.h(261): error C2146: 语法错误: 缺少“)”(在标识符“pti”的前面)
c:\program files (x86)\windows kits\10\include\10.0.17134.0\um\threadpoolapiset.h(268): error C2146: 语法错误: 缺少“)”(在标识符“pti”的前面)
c:\program files (x86)\windows kits\10\include\10.0.17134.0\um\threadpoolapiset.h(268): fatal error C1003: 错误计数超过 100；正在停止编译
  screen.cpp
c:\program files (x86)\windows kits\10\include\10.0.17134.0\um\winnt.h(18099): error C2059: 语法错误:“常数”
c:\program files (x86)\windows kits\10\include\10.0.17134.0\um\winnt.h(18099): error C2334: “:”的前面有意外标记；跳过明显的函数体
c:\program files (x86)\windows kits\10\include\10.0.17134.0\um\winnt.h(19423): warning C4162: “__fastfail”: 未找到带 C 链接的函数
c:\program files (x86)\windows kits\10\include\10.0.17134.0\um\winnt.h(21325): error C2059: 语法错误:“字符串”
c:\program files (x86)\windows kits\10\include\10.0.17134.0\um\winnt.h(21325): error C2334: “{”的前面有意外标记；跳过明显的函数体
c:\program files (x86)\windows kits\10\include\10.0.17134.0\shared\minwindef.h(186): error C2159: 指定了一个以上的存储类
c:\program files (x86)\windows kits\10\include\10.0.17134.0\shared\minwindef.h(186): error C2371: “UINT_PTR”: 重定义；不同的基类型
  c:\program files (x86)\windows kits\10\include\10.0.17134.0\shared\basetsd.h(135): note: 参见“UINT_PTR”的声明
c:\program files (x86)\windows kits\10\include\10.0.17134.0\shared\minwindef.h(186): error C2146: 语法错误: 缺少“;”(在标识符“WPARAM”的前面)
c:\program files (x86)\windows kits\10\include\10.0.17134.0\shared\minwindef.h(186): error C4430: 缺少类型说明符 - 假定为 int。注意: C++ 不支持默认 int
c:\program files (x86)\windows kits\10\include\10.0.17134.0\um\minwinbase.h(215): error C4430: 缺少类型说明符 - 假定为 int。注意: C++ 不支持默认 int
c:\program files (x86)\windows kits\10\include\10.0.17134.0\um\minwinbase.h(215): error C2146: 语法错误: 缺少“;”(在标识符“CRITICAL_SECTION”的前面)
c:\program files (x86)\windows kits\10\include\10.0.17134.0\um\minwinbase.h(216): error C4430: 缺少类型说明符 - 假定为 int。注意: C++ 不支持默认 int
c:\program files (x86)\windows kits\10\include\10.0.17134.0\um\minwinbase.h(216): error C2146: 语法错误: 缺少“;”(在标识符“PCRITICAL_SECTION”的前面)
c:\program files (x86)\windows kits\10\include\10.0.17134.0\um\minwinbase.h(219): error C4430: 缺少类型说明符 - 假定为 int。注意: C++ 不支持默认 int
c:\program files (x86)\windows kits\10\include\10.0.17134.0\um\minwinbase.h(219): error C2146: 语法错误: 缺少“;”(在标识符“CRITICAL_SECTION_DEBUG”的前面)
c:\program files (x86)\windows kits\10\include\10.0.17134.0\um\minwinbase.h(220): error C4430: 缺少类型说明符 - 假定为 int。注意: C++ 不支持默认 int
c:\program files (x86)\windows kits\10\include\10.0.17134.0\um\minwinbase.h(220): error C2146: 语法错误: 缺少“;”(在标识符“PCRITICAL_SECTION_DEBUG”的前面)
c:\program files (x86)\windows kits\10\include\10.0.17134.0\um\errhandlingapi.h(150): error C2061: 语法错误: 标识符“PVECTORED_EXCEPTION_HANDLER”
c:\program files (x86)\windows kits\10\include\10.0.17134.0\um\errhandlingapi.h(168): error C2061: 语法错误: 标识符“PVECTORED_EXCEPTION_HANDLER”
c:\program files (x86)\windows kits\10\include\10.0.17134.0\um\fibersapi.h(37): error C2065: “PFLS_CALLBACK_FUNCTION”: 未声明的标识符
c:\program files (x86)\windows kits\10\include\10.0.17134.0\um\fibersapi.h(38): error C2146: 语法错误: 缺少“)”(在标识符“lpCallback”的前面)
c:\program files (x86)\windows kits\10\include\10.0.17134.0\um\heapapi.h(152): error C2061: 语法错误: 标识符“HEAP_INFORMATION_CLASS”
c:\program files (x86)\windows kits\10\include\10.0.17134.0\um\heapapi.h(234): error C2061: 语法错误: 标识符“HEAP_INFORMATION_CLASS”
c:\program files (x86)\windows kits\10\include\10.0.17134.0\um\synchapi.h(34): error C4430: 缺少类型说明符 - 假定为 int。注意: C++ 不支持默认 int
c:\program files (x86)\windows kits\10\include\10.0.17134.0\um\synchapi.h(34): error C2146: 语法错误: 缺少“;”(在标识符“SRWLOCK”的前面)
c:\program files (x86)\windows kits\10\include\10.0.17134.0\um\synchapi.h(49): error C2146: 语法错误: 缺少“)”(在标识符“SRWLock”的前面)
c:\program files (x86)\windows kits\10\include\10.0.17134.0\um\synchapi.h(58): error C2146: 语法错误: 缺少“)”(在标识符“SRWLock”的前面)
c:\program files (x86)\windows kits\10\include\10.0.17134.0\um\synchapi.h(67): error C2146: 语法错误: 缺少“)”(在标识符“SRWLock”的前面)
c:\program files (x86)\windows kits\10\include\10.0.17134.0\um\synchapi.h(76): error C2146: 语法错误: 缺少“)”(在标识符“SRWLock”的前面)
c:\program files (x86)\windows kits\10\include\10.0.17134.0\um\synchapi.h(85): error C2146: 语法错误: 缺少“)”(在标识符“SRWLock”的前面)
c:\program files (x86)\windows kits\10\include\10.0.17134.0\um\synchapi.h(94): error C2146: 语法错误: 缺少“)”(在标识符“SRWLock”的前面)
c:\program files (x86)\windows kits\10\include\10.0.17134.0\um\synchapi.h(103): error C2146: 语法错误: 缺少“)”(在标识符“SRWLock”的前面)
c:\program files (x86)\windows kits\10\include\10.0.17134.0\um\synchapi.h(203): error C4430: 缺少类型说明符 - 假定为 int。注意: C++ 不支持默认 int
c:\program files (x86)\windows kits\10\include\10.0.17134.0\um\synchapi.h(203): error C2146: 语法错误: 缺少“;”(在标识符“INIT_ONCE”的前面)
c:\program files (x86)\windows kits\10\include\10.0.17134.0\um\synchapi.h(204): error C4430: 缺少类型说明符 - 假定为 int。注意: C++ 不支持默认 int
c:\program files (x86)\windows kits\10\include\10.0.17134.0\um\synchapi.h(204): error C2146: 语法错误: 缺少“;”(在标识符“PINIT_ONCE”的前面)
c:\program files (x86)\windows kits\10\include\10.0.17134.0\um\synchapi.h(227): error C2146: 语法错误: 缺少“)”(在标识符“InitOnce”的前面)
c:\program files (x86)\windows kits\10\include\10.0.17134.0\um\synchapi.h(239): error C2146: 语法错误: 缺少“)”(在标识符“InitOnce”的前面)
c:\program files (x86)\windows kits\10\include\10.0.17134.0\um\synchapi.h(246): error C2146: 语法错误: 缺少“)”(在标识符“InitOnce”的前面)
c:\program files (x86)\windows kits\10\include\10.0.17134.0\um\synchapi.h(280): error C4430: 缺少类型说明符 - 假定为 int。注意: C++ 不支持默认 int
c:\program files (x86)\windows kits\10\include\10.0.17134.0\um\synchapi.h(280): error C2146: 语法错误: 缺少“;”(在标识符“CONDITION_VARIABLE”的前面)
c:\program files (x86)\windows kits\10\include\10.0.17134.0\um\synchapi.h(301): error C2146: 语法错误: 缺少“)”(在标识符“ConditionVariable”的前面)
c:\program files (x86)\windows kits\10\include\10.0.17134.0\um\synchapi.h(309): error C2146: 语法错误: 缺少“)”(在标识符“ConditionVariable”的前面)
c:\program files (x86)\windows kits\10\include\10.0.17134.0\um\synchapi.h(317): error C2146: 语法错误: 缺少“)”(在标识符“ConditionVariable”的前面)
c:\program files (x86)\windows kits\10\include\10.0.17134.0\um\synchapi.h(324): error C2146: 语法错误: 缺少“)”(在标识符“ConditionVariable”的前面)
c:\program files (x86)\windows kits\10\include\10.0.17134.0\um\synchapi.h(334): error C2146: 语法错误: 缺少“)”(在标识符“ConditionVariable”的前面)
c:\program files (x86)\windows kits\10\include\10.0.17134.0\um\synchapi.h(709): error C4430: 缺少类型说明符 - 假定为 int。注意: C++ 不支持默认 int
c:\program files (x86)\windows kits\10\include\10.0.17134.0\um\synchapi.h(709): error C2146: 语法错误: 缺少“;”(在标识符“SYNCHRONIZATION_BARRIER”的前面)
c:\program files (x86)\windows kits\10\include\10.0.17134.0\um\synchapi.h(710): error C4430: 缺少类型说明符 - 假定为 int。注意: C++ 不支持默认 int
c:\program files (x86)\windows kits\10\include\10.0.17134.0\um\synchapi.h(710): error C2146: 语法错误: 缺少“;”(在标识符“PSYNCHRONIZATION_BARRIER”的前面)
c:\program files (x86)\windows kits\10\include\10.0.17134.0\um\interlockedapi.h(48): error C2065: “PSLIST_HEADER”: 未声明的标识符
c:\program files (x86)\windows kits\10\include\10.0.17134.0\um\interlockedapi.h(49): error C2146: 语法错误: 缺少“)”(在标识符“ListHead”的前面)
c:\program files (x86)\windows kits\10\include\10.0.17134.0\um\interlockedapi.h(54): error C2143: 语法错误: 缺少“;”(在“__stdcall”的前面)
c:\program files (x86)\windows kits\10\include\10.0.17134.0\um\interlockedapi.h(54): error C4430: 缺少类型说明符 - 假定为 int。注意: C++ 不支持默认 int
c:\program files (x86)\windows kits\10\include\10.0.17134.0\um\interlockedapi.h(56): error C2065: “PSLIST_HEADER”: 未声明的标识符
c:\program files (x86)\windows kits\10\include\10.0.17134.0\um\interlockedapi.h(57): error C2146: 语法错误: 缺少“)”(在标识符“ListHead”的前面)
c:\program files (x86)\windows kits\10\include\10.0.17134.0\um\interlockedapi.h(62): error C2143: 语法错误: 缺少“;”(在“__stdcall”的前面)
c:\program files (x86)\windows kits\10\include\10.0.17134.0\um\interlockedapi.h(62): error C4430: 缺少类型说明符 - 假定为 int。注意: C++ 不支持默认 int
c:\program files (x86)\windows kits\10\include\10.0.17134.0\um\interlockedapi.h(64): error C2065: “PSLIST_HEADER”: 未声明的标识符
c:\program files (x86)\windows kits\10\include\10.0.17134.0\um\interlockedapi.h(64): error C2146: 语法错误: 缺少“)”(在标识符“ListHead”的前面)
c:\program files (x86)\windows kits\10\include\10.0.17134.0\um\interlockedapi.h(76): error C2143: 语法错误: 缺少“;”(在“__stdcall”的前面)
c:\program files (x86)\windows kits\10\include\10.0.17134.0\um\interlockedapi.h(76): error C4430: 缺少类型说明符 - 假定为 int。注意: C++ 不支持默认 int
c:\program files (x86)\windows kits\10\include\10.0.17134.0\um\interlockedapi.h(78): error C2065: “PSLIST_HEADER”: 未声明的标识符
c:\program files (x86)\windows kits\10\include\10.0.17134.0\um\interlockedapi.h(78): error C2146: 语法错误: 缺少“)”(在标识符“ListHead”的前面)
c:\program files (x86)\windows kits\10\include\10.0.17134.0\um\interlockedapi.h(91): error C2143: 语法错误: 缺少“;”(在“__stdcall”的前面)
c:\program files (x86)\windows kits\10\include\10.0.17134.0\um\interlockedapi.h(91): error C4430: 缺少类型说明符 - 假定为 int。注意: C++ 不支持默认 int
c:\program files (x86)\windows kits\10\include\10.0.17134.0\um\interlockedapi.h(93): error C2065: “PSLIST_HEADER”: 未声明的标识符
c:\program files (x86)\windows kits\10\include\10.0.17134.0\um\interlockedapi.h(94): error C2146: 语法错误: 缺少“)”(在标识符“ListHead”的前面)
c:\program files (x86)\windows kits\10\include\10.0.17134.0\um\interlockedapi.h(101): error C2065: “PSLIST_HEADER”: 未声明的标识符
c:\program files (x86)\windows kits\10\include\10.0.17134.0\um\interlockedapi.h(102): error C2146: 语法错误: 缺少“)”(在标识符“ListHead”的前面)
c:\program files (x86)\windows kits\10\include\10.0.17134.0\um\processthreadsapi.h(95): error C2065: “PAPCFUNC”: 未声明的标识符
c:\program files (x86)\windows kits\10\include\10.0.17134.0\um\processthreadsapi.h(95): error C2146: 语法错误: 缺少“)”(在标识符“pfnAPC”的前面)
c:\program files (x86)\windows kits\10\include\10.0.17134.0\um\sysinfoapi.h(379): error C2065: “LPOSVERSIONINFOA”: 未声明的标识符
c:\program files (x86)\windows kits\10\include\10.0.17134.0\um\sysinfoapi.h(380): error C2146: 语法错误: 缺少“)”(在标识符“lpVersionInformation”的前面)
c:\program files (x86)\windows kits\10\include\10.0.17134.0\um\sysinfoapi.h(388): error C2065: “LPOSVERSIONINFOW”: 未声明的标识符
c:\program files (x86)\windows kits\10\include\10.0.17134.0\um\sysinfoapi.h(389): error C2146: 语法错误: 缺少“)”(在标识符“lpVersionInformation”的前面)
c:\program files (x86)\windows kits\10\include\10.0.17134.0\um\threadpoollegacyapiset.h(67): error C2061: 语法错误: 标识符“WAITORTIMERCALLBACK”
c:\program files (x86)\windows kits\10\include\10.0.17134.0\um\threadpoolapiset.h(35): error C2065: “PTP_CALLBACK_INSTANCE”: 未声明的标识符
c:\program files (x86)\windows kits\10\include\10.0.17134.0\um\threadpoolapiset.h(35): error C2146: 语法错误: 缺少“)”(在标识符“Instance”的前面)
c:\program files (x86)\windows kits\10\include\10.0.17134.0\um\threadpoolapiset.h(48): error C2143: 语法错误: 缺少“;”(在“__stdcall”的前面)
c:\program files (x86)\windows kits\10\include\10.0.17134.0\um\threadpoolapiset.h(48): error C4430: 缺少类型说明符 - 假定为 int。注意: C++ 不支持默认 int
c:\program files (x86)\windows kits\10\include\10.0.17134.0\um\threadpoolapiset.h(51): error C4430: 缺少类型说明符 - 假定为 int。注意: C++ 不支持默认 int
c:\program files (x86)\windows kits\10\include\10.0.17134.0\um\threadpoolapiset.h(58): error C2146: 语法错误: 缺少“)”(在标识符“ptpp”的前面)
c:\program files (x86)\windows kits\10\include\10.0.17134.0\um\threadpoolapiset.h(67): error C2146: 语法错误: 缺少“)”(在标识符“ptpp”的前面)
c:\program files (x86)\windows kits\10\include\10.0.17134.0\um\threadpoolapiset.h(76): error C2146: 语法错误: 缺少“)”(在标识符“ptpp”的前面)
c:\program files (x86)\windows kits\10\include\10.0.17134.0\um\threadpoolapiset.h(85): error C2146: 语法错误: 缺少“)”(在标识符“ptpp”的前面)
c:\program files (x86)\windows kits\10\include\10.0.17134.0\um\threadpoolapiset.h(95): error C2146: 语法错误: 缺少“)”(在标识符“ptpp”的前面)
c:\program files (x86)\windows kits\10\include\10.0.17134.0\um\threadpoolapiset.h(101): error C2143: 语法错误: 缺少“;”(在“__stdcall”的前面)
c:\program files (x86)\windows kits\10\include\10.0.17134.0\um\threadpoolapiset.h(101): error C4430: 缺少类型说明符 - 假定为 int。注意: C++ 不支持默认 int
c:\program files (x86)\windows kits\10\include\10.0.17134.0\um\threadpoolapiset.h(104): error C4430: 缺少类型说明符 - 假定为 int。注意: C++ 不支持默认 int
c:\program files (x86)\windows kits\10\include\10.0.17134.0\um\threadpoolapiset.h(111): error C2146: 语法错误: 缺少“)”(在标识符“ptpcg”的前面)
c:\program files (x86)\windows kits\10\include\10.0.17134.0\um\threadpoolapiset.h(122): error C2146: 语法错误: 缺少“)”(在标识符“ptpcg”的前面)
c:\program files (x86)\windows kits\10\include\10.0.17134.0\um\threadpoolapiset.h(129): error C2065: “PTP_CALLBACK_INSTANCE”: 未声明的标识符
c:\program files (x86)\windows kits\10\include\10.0.17134.0\um\threadpoolapiset.h(129): error C2146: 语法错误: 缺少“)”(在标识符“pci”的前面)
c:\program files (x86)\windows kits\10\include\10.0.17134.0\um\threadpoolapiset.h(138): error C2065: “PTP_CALLBACK_INSTANCE”: 未声明的标识符
c:\program files (x86)\windows kits\10\include\10.0.17134.0\um\threadpoolapiset.h(138): error C2146: 语法错误: 缺少“)”(在标识符“pci”的前面)
c:\program files (x86)\windows kits\10\include\10.0.17134.0\um\threadpoolapiset.h(148): error C2065: “PTP_CALLBACK_INSTANCE”: 未声明的标识符
c:\program files (x86)\windows kits\10\include\10.0.17134.0\um\threadpoolapiset.h(148): error C2146: 语法错误: 缺少“)”(在标识符“pci”的前面)
c:\program files (x86)\windows kits\10\include\10.0.17134.0\um\threadpoolapiset.h(157): error C2065: “PTP_CALLBACK_INSTANCE”: 未声明的标识符
c:\program files (x86)\windows kits\10\include\10.0.17134.0\um\threadpoolapiset.h(157): error C2146: 语法错误: 缺少“)”(在标识符“pci”的前面)
c:\program files (x86)\windows kits\10\include\10.0.17134.0\um\threadpoolapiset.h(166): error C2065: “PTP_CALLBACK_INSTANCE”: 未声明的标识符
c:\program files (x86)\windows kits\10\include\10.0.17134.0\um\threadpoolapiset.h(166): error C2146: 语法错误: 缺少“)”(在标识符“pci”的前面)
c:\program files (x86)\windows kits\10\include\10.0.17134.0\um\threadpoolapiset.h(175): error C2065: “PTP_CALLBACK_INSTANCE”: 未声明的标识符
c:\program files (x86)\windows kits\10\include\10.0.17134.0\um\threadpoolapiset.h(176): error C2146: 语法错误: 缺少“)”(在标识符“pci”的前面)
c:\program files (x86)\windows kits\10\include\10.0.17134.0\um\threadpoolapiset.h(183): error C2065: “PTP_CALLBACK_INSTANCE”: 未声明的标识符
c:\program files (x86)\windows kits\10\include\10.0.17134.0\um\threadpoolapiset.h(184): error C2146: 语法错误: 缺少“)”(在标识符“pci”的前面)
c:\program files (x86)\windows kits\10\include\10.0.17134.0\um\threadpoolapiset.h(192): error C2065: “PTP_SIMPLE_CALLBACK”: 未声明的标识符
c:\program files (x86)\windows kits\10\include\10.0.17134.0\um\threadpoolapiset.h(192): error C2146: 语法错误: 缺少“)”(在标识符“pfns”的前面)
c:\program files (x86)\windows kits\10\include\10.0.17134.0\um\threadpoolapiset.h(201): error C2143: 语法错误: 缺少“;”(在“__stdcall”的前面)
c:\program files (x86)\windows kits\10\include\10.0.17134.0\um\threadpoolapiset.h(201): error C4430: 缺少类型说明符 - 假定为 int。注意: C++ 不支持默认 int
c:\program files (x86)\windows kits\10\include\10.0.17134.0\um\threadpoolapiset.h(203): error C2065: “PTP_WORK_CALLBACK”: 未声明的标识符
c:\program files (x86)\windows kits\10\include\10.0.17134.0\um\threadpoolapiset.h(203): error C2146: 语法错误: 缺少“)”(在标识符“pfnwk”的前面)
c:\program files (x86)\windows kits\10\include\10.0.17134.0\um\threadpoolapiset.h(214): error C2146: 语法错误: 缺少“)”(在标识符“pwk”的前面)
c:\program files (x86)\windows kits\10\include\10.0.17134.0\um\threadpoolapiset.h(221): error C2146: 语法错误: 缺少“)”(在标识符“pwk”的前面)
c:\program files (x86)\windows kits\10\include\10.0.17134.0\um\threadpoolapiset.h(231): error C2146: 语法错误: 缺少“)”(在标识符“pwk”的前面)
c:\program files (x86)\windows kits\10\include\10.0.17134.0\um\threadpoolapiset.h(237): error C2143: 语法错误: 缺少“;”(在“__stdcall”的前面)
c:\program files (x86)\windows kits\10\include\10.0.17134.0\um\threadpoolapiset.h(237): error C4430: 缺少类型说明符 - 假定为 int。注意: C++ 不支持默认 int
c:\program files (x86)\windows kits\10\include\10.0.17134.0\um\threadpoolapiset.h(239): error C2065: “PTP_TIMER_CALLBACK”: 未声明的标识符
c:\program files (x86)\windows kits\10\include\10.0.17134.0\um\threadpoolapiset.h(239): error C2146: 语法错误: 缺少“)”(在标识符“pfnti”的前面)
c:\program files (x86)\windows kits\10\include\10.0.17134.0\um\threadpoolapiset.h(249): error C2146: 语法错误: 缺少“)”(在标识符“pti”的前面)
c:\program files (x86)\windows kits\10\include\10.0.17134.0\um\threadpoolapiset.h(261): error C2146: 语法错误: 缺少“)”(在标识符“pti”的前面)
c:\program files (x86)\windows kits\10\include\10.0.17134.0\um\threadpoolapiset.h(268): error C2146: 语法错误: 缺少“)”(在标识符“pti”的前面)
c:\program files (x86)\windows kits\10\include\10.0.17134.0\um\threadpoolapiset.h(278): error C2146: 语法错误: 缺少“)”(在标识符“pti”的前面)
c:\program files (x86)\windows kits\10\include\10.0.17134.0\um\threadpoolapiset.h(278): fatal error C1003: 错误计数超过 100；正在停止编译
  正在生成代码...
